This file contains any messages produced by compilers while
running configure, to aid debugging if configure makes a mistake.

It was created by SxP4r configure 0.1, which was
generated by GNU Autoconf 2.64.  Invocation command line was

  $ ./configure 

## --------- ##
## Platform. ##
## --------- ##

hostname = ip-10-226-178-48
uname -m = x86_64
uname -r = 2.6.31-302-ec2
uname -s = Linux
uname -v = #7-Ubuntu SMP Tue Oct 13 19:55:22 UTC 2009

/usr/bin/uname -p = unknown
/bin/uname -X     = unknown

/bin/arch              = unknown
/usr/bin/arch -k       = unknown
/usr/convex/getsysinfo = unknown
/usr/bin/hostinfo      = unknown
/bin/machine           = unknown
/usr/bin/oslevel       = unknown
/bin/universe          = unknown

PATH: /usr/local/sbin
PATH: /usr/local/bin
PATH: /usr/sbin
PATH: /usr/bin
PATH: /sbin
PATH: /bin
PATH: /usr/games


## ----------- ##
## Core tests. ##
## ----------- ##

configure:1785: checking for a BSD-compatible install
configure:1853: result: /usr/bin/install -c
configure:1864: checking whether build environment is sane
configure:1901: result: yes
configure:1926: checking for a thread-safe mkdir -p
configure:1965: result: /bin/mkdir -p
configure:1978: checking for gawk
configure:2008: result: no
configure:1978: checking for mawk
configure:1994: found /usr/bin/mawk
configure:2005: result: mawk
configure:2016: checking whether make sets $(MAKE)
configure:2038: result: yes
configure:2269: checking for g++
configure:2285: found /usr/bin/g++
configure:2296: result: g++
configure:2323: checking for C++ compiler version
configure:2332: g++ --version >&5
g++ (Ubuntu 4.4.1-4ubuntu9) 4.4.1
Copyright (C) 2009 Free Software Foundation, Inc.
This is free software; see the source for copying conditions.  There is NO
warranty; not even for MERCHANTABILITY or FITNESS FOR A PARTICULAR PURPOSE.

configure:2343: $? = 0
configure:2332: g++ -v >&5
Using built-in specs.
Target: x86_64-linux-gnu
Configured with: ../src/configure -v --with-pkgversion='Ubuntu 4.4.1-4ubuntu9' --with-bugurl=file:///usr/share/doc/gcc-4.4/README.Bugs --enable-languages=c,c++,fortran,objc,obj-c++ --prefix=/usr --enable-shared --enable-multiarch --enable-linker-build-id --with-system-zlib --libexecdir=/usr/lib --without-included-gettext --enable-threads=posix --with-gxx-include-dir=/usr/include/c++/4.4 --program-suffix=-4.4 --enable-nls --enable-clocale=gnu --enable-libstdcxx-debug --enable-objc-gc --disable-werror --with-arch-32=i486 --with-tune=generic --enable-checking=release --build=x86_64-linux-gnu --host=x86_64-linux-gnu --target=x86_64-linux-gnu
Thread model: posix
gcc version 4.4.1 (Ubuntu 4.4.1-4ubuntu9) 
configure:2343: $? = 0
configure:2332: g++ -V >&5
g++: '-V' option must have argument
configure:2343: $? = 1
configure:2332: g++ -qversion >&5
g++: unrecognized option '-qversion'
g++: no input files
configure:2343: $? = 1
configure:2365: checking for C++ compiler default output file name
configure:2387: g++    conftest.cpp  >&5
configure:2391: $? = 0
configure:2428: result: a.out
configure:2444: checking whether the C++ compiler works
configure:2453: ./a.out
configure:2457: $? = 0
configure:2472: result: yes
configure:2479: checking whether we are cross compiling
configure:2481: result: no
configure:2484: checking for suffix of executables
configure:2491: g++ -o conftest    conftest.cpp  >&5
configure:2495: $? = 0
configure:2517: result: 
configure:2523: checking for suffix of object files
configure:2545: g++ -c   conftest.cpp >&5
configure:2549: $? = 0
configure:2570: result: o
configure:2574: checking whether we are using the GNU C++ compiler
configure:2593: g++ -c   conftest.cpp >&5
configure:2593: $? = 0
configure:2602: result: yes
configure:2611: checking whether g++ accepts -g
configure:2631: g++ -c -g  conftest.cpp >&5
configure:2631: $? = 0
configure:2672: result: yes
configure:2706: checking for style of include used by make
configure:2734: result: GNU
configure:2759: checking dependency style of g++
configure:2850: result: gcc3
configure:3013: creating ./config.status

## ---------------------- ##
## Running config.status. ##
## ---------------------- ##

This file was extended by SxP4r config.status 0.1, which was
generated by GNU Autoconf 2.64.  Invocation command line was

  CONFIG_FILES    = 
  CONFIG_HEADERS  = 
  CONFIG_LINKS    = 
  CONFIG_COMMANDS = 
  $ ./config.status 

on ip-10-226-178-48

config.status:765: creating Makefile
config.status:928: executing depfiles commands

## ---------------- ##
## Cache variables. ##
## ---------------- ##

ac_cv_cxx_compiler_gnu=yes
ac_cv_env_CCC_set=
ac_cv_env_CCC_value=
ac_cv_env_CPPFLAGS_set=
ac_cv_env_CPPFLAGS_value=
ac_cv_env_CXXFLAGS_set=
ac_cv_env_CXXFLAGS_value=
ac_cv_env_CXX_set=
ac_cv_env_CXX_value=
ac_cv_env_LDFLAGS_set=
ac_cv_env_LDFLAGS_value=
ac_cv_env_LIBS_set=
ac_cv_env_LIBS_value=
ac_cv_env_build_alias_set=
ac_cv_env_build_alias_value=
ac_cv_env_host_alias_set=
ac_cv_env_host_alias_value=
ac_cv_env_target_alias_set=
ac_cv_env_target_alias_value=
ac_cv_objext=o
ac_cv_path_install='/usr/bin/install -c'
ac_cv_path_mkdir=/bin/mkdir
ac_cv_prog_AWK=mawk
ac_cv_prog_ac_ct_CXX=g++
ac_cv_prog_cxx_g=yes
ac_cv_prog_make_make_set=yes
am_cv_CXX_dependencies_compiler_type=gcc3

## ----------------- ##
## Output variables. ##
## ----------------- ##

ACLOCAL='${SHELL} /home/ubuntu/SxP4r/missing --run aclocal-1.10'
AMDEPBACKSLASH='\'
AMDEP_FALSE='#'
AMDEP_TRUE=''
AMTAR='${SHELL} /home/ubuntu/SxP4r/missing --run tar'
AUTOCONF='${SHELL} /home/ubuntu/SxP4r/missing --run autoconf'
AUTOHEADER='${SHELL} /home/ubuntu/SxP4r/missing --run autoheader'
AUTOMAKE='${SHELL} /home/ubuntu/SxP4r/missing --run automake-1.10'
AWK='mawk'
CPPFLAGS=''
CXX='g++'
CXXDEPMODE='depmode=gcc3'
CXXFLAGS='-g -O2'
CYGPATH_W='echo'
DEFS='-DPACKAGE_NAME=\"SxP4r\" -DPACKAGE_TARNAME=\"main_cc\" -DPACKAGE_VERSION=\"0.1\" -DPACKAGE_STRING=\"SxP4r\ 0.1\" -DPACKAGE_BUGREPORT=\"phil@philcowans.com\" -DPACKAGE_URL=\"http://www.philcowans.com/\"'
DEPDIR='.deps'
ECHO_C=''
ECHO_N='-n'
ECHO_T=''
EXEEXT=''
INSTALL_DATA='${INSTALL} -m 644'
INSTALL_PROGRAM='${INSTALL}'
INSTALL_SCRIPT='${INSTALL}'
INSTALL_STRIP_PROGRAM='$(install_sh) -c -s'
LDFLAGS=''
LIBOBJS=''
LIBS=''
LTLIBOBJS=''
MAKEINFO='${SHELL} /home/ubuntu/SxP4r/missing --run makeinfo'
MKDIR_P='/bin/mkdir -p'
OBJEXT='o'
PACKAGE='main_cc'
PACKAGE_BUGREPORT='phil@philcowans.com'
PACKAGE_NAME='SxP4r'
PACKAGE_STRING='SxP4r 0.1'
PACKAGE_TARNAME='main_cc'
PACKAGE_URL='http://www.philcowans.com/'
PACKAGE_VERSION='0.1'
PATH_SEPARATOR=':'
SET_MAKE=''
SHELL='/bin/bash'
STRIP=''
VERSION='0.1'
ac_ct_CXX='g++'
am__fastdepCXX_FALSE='#'
am__fastdepCXX_TRUE=''
am__include='include'
am__isrc=''
am__leading_dot='.'
am__quote=''
am__tar='${AMTAR} chof - "$$tardir"'
am__untar='${AMTAR} xf -'
bindir='${exec_prefix}/bin'
build_alias=''
datadir='${datarootdir}'
datarootdir='${prefix}/share'
docdir='${datarootdir}/doc/${PACKAGE_TARNAME}'
dvidir='${docdir}'
exec_prefix='${prefix}'
host_alias=''
htmldir='${docdir}'
includedir='${prefix}/include'
infodir='${datarootdir}/info'
install_sh='$(SHELL) /home/ubuntu/SxP4r/install-sh'
libdir='${exec_prefix}/lib'
libexecdir='${exec_prefix}/libexec'
localedir='${datarootdir}/locale'
localstatedir='${prefix}/var'
mandir='${datarootdir}/man'
mkdir_p='/bin/mkdir -p'
oldincludedir='/usr/include'
pdfdir='${docdir}'
prefix='/usr/local'
program_transform_name='s,x,x,'
psdir='${docdir}'
sbindir='${exec_prefix}/sbin'
sharedstatedir='${prefix}/com'
sysconfdir='${prefix}/etc'
target_alias=''

## ----------- ##
## confdefs.h. ##
## ----------- ##

/* confdefs.h */
#define PACKAGE_NAME "SxP4r"
#define PACKAGE_TARNAME "main_cc"
#define PACKAGE_VERSION "0.1"
#define PACKAGE_STRING "SxP4r 0.1"
#define PACKAGE_BUGREPORT "phil@philcowans.com"
#define PACKAGE_URL "http://www.philcowans.com/"

configure: exit 0
